<?xml version='1.0' encoding='UTF-8'?>
<testsuites name='HelloWorldTests.xctest' tests='2' failures='0'>
  <testsuite name='HelloWorldTests' tests='2' failures='0'>
    <testcase classname='HelloWorldTests' name='testExample' time='0.001'/>
    <testcase classname='HelloWorldTests' name='testPerformanceExample' time='0.594'/>
  </testsuite>
</testsuites>